Start testing: Jul 28 14:56 中国标准时间
----------------------------------------------------------
1/40 Testing: matcal_characterization_tests
1/40 Test: matcal_characterization_tests
Command: "E:/Ducuments/codeForVScode/MatCal/build-relwithdebinfo/matcal_characterization_tests.exe"
Directory: E:/Ducuments/codeForVScode/MatCal/build-relwithdebinfo
"matcal_characterization_tests" start time: Jul 28 14:56 中国标准时间
Output:
----------------------------------------------------------
MatCal legacy characterization tests passed
<end of output>
Test time =   0.01 sec
----------------------------------------------------------
Test Passed.
"matcal_characterization_tests" end time: Jul 28 14:56 中国标准时间
"matcal_characterization_tests" time elapsed: 00:00:00
----------------------------------------------------------

2/40 Testing: matcal_legacy_triangular_regression_tests
2/40 Test: matcal_legacy_triangular_regression_tests
Command: "E:/Ducuments/codeForVScode/MatCal/build-relwithdebinfo/matcal_legacy_triangular_regression_tests.exe"
Directory: E:/Ducuments/codeForVScode/MatCal/build-relwithdebinfo
"matcal_legacy_triangular_regression_tests" start time: Jul 28 14:56 中国标准时间
Output:
----------------------------------------------------------
legacy triangular regression tests passed
<end of output>
Test time =   0.01 sec
----------------------------------------------------------
Test Passed.
"matcal_legacy_triangular_regression_tests" end time: Jul 28 14:56 中国标准时间
"matcal_legacy_triangular_regression_tests" time elapsed: 00:00:00
----------------------------------------------------------

3/40 Testing: matcal_legacy_zero_size_regression_tests
3/40 Test: matcal_legacy_zero_size_regression_tests
Command: "E:/Ducuments/codeForVScode/MatCal/build-relwithdebinfo/matcal_legacy_zero_size_regression_tests.exe"
Directory: E:/Ducuments/codeForVScode/MatCal/build-relwithdebinfo
"matcal_legacy_zero_size_regression_tests" start time: Jul 28 14:56 中国标准时间
Output:
----------------------------------------------------------
legacy zero-size regression tests passed
<end of output>
Test time =   0.01 sec
----------------------------------------------------------
Test Passed.
"matcal_legacy_zero_size_regression_tests" end time: Jul 28 14:56 中国标准时间
"matcal_legacy_zero_size_regression_tests" time elapsed: 00:00:00
----------------------------------------------------------

4/40 Testing: matcal_legacy_numerics_regression_tests
4/40 Test: matcal_legacy_numerics_regression_tests
Command: "E:/Ducuments/codeForVScode/MatCal/build-relwithdebinfo/matcal_legacy_numerics_regression_tests.exe"
Directory: E:/Ducuments/codeForVScode/MatCal/build-relwithdebinfo
"matcal_legacy_numerics_regression_tests" start time: Jul 28 14:56 中国标准时间
Output:
----------------------------------------------------------
legacy numerics regression tests passed
<end of output>
Test time =   0.01 sec
----------------------------------------------------------
Test Passed.
"matcal_legacy_numerics_regression_tests" end time: Jul 28 14:56 中国标准时间
"matcal_legacy_numerics_regression_tests" time elapsed: 00:00:00
----------------------------------------------------------

5/40 Testing: matcal_legacy_sor_regression_tests
5/40 Test: matcal_legacy_sor_regression_tests
Command: "E:/Ducuments/codeForVScode/MatCal/build-relwithdebinfo/matcal_legacy_sor_regression_tests.exe"
Directory: E:/Ducuments/codeForVScode/MatCal/build-relwithdebinfo
"matcal_legacy_sor_regression_tests" start time: Jul 28 14:56 中国标准时间
Output:
----------------------------------------------------------
legacy SOR regression tests passed
<end of output>
Test time =   0.01 sec
----------------------------------------------------------
Test Passed.
"matcal_legacy_sor_regression_tests" end time: Jul 28 14:56 中国标准时间
"matcal_legacy_sor_regression_tests" time elapsed: 00:00:00
----------------------------------------------------------

6/40 Testing: matcal_legacy_matrix_linalg_adapter_tests
6/40 Test: matcal_legacy_matrix_linalg_adapter_tests
Command: "E:/Ducuments/codeForVScode/MatCal/build-relwithdebinfo/matcal_legacy_matrix_linalg_adapter_tests.exe"
Directory: E:/Ducuments/codeForVScode/MatCal/build-relwithdebinfo
"matcal_legacy_matrix_linalg_adapter_tests" start time: Jul 28 14:56 中国标准时间
Output:
----------------------------------------------------------
legacy Matrix/Linalg adapter tests passed
<end of output>
Test time =   0.01 sec
----------------------------------------------------------
Test Passed.
"matcal_legacy_matrix_linalg_adapter_tests" end time: Jul 28 14:56 中国标准时间
"matcal_legacy_matrix_linalg_adapter_tests" time elapsed: 00:00:00
----------------------------------------------------------

7/40 Testing: matcal_polynomial_tests
7/40 Test: matcal_polynomial_tests
Command: "E:/Ducuments/codeForVScode/MatCal/build-relwithdebinfo/matcal_polynomial_tests.exe"
Directory: E:/Ducuments/codeForVScode/MatCal/build-relwithdebinfo
"matcal_polynomial_tests" start time: Jul 28 14:56 中国标准时间
Output:
----------------------------------------------------------
MatCal::Polynomial tests passed
<end of output>
Test time =   0.01 sec
----------------------------------------------------------
Test Passed.
"matcal_polynomial_tests" end time: Jul 28 14:56 中国标准时间
"matcal_polynomial_tests" time elapsed: 00:00:00
----------------------------------------------------------

8/40 Testing: matcal_polynomial_public_header_tests
8/40 Test: matcal_polynomial_public_header_tests
Command: "E:/Ducuments/codeForVScode/MatCal/build-relwithdebinfo/matcal_polynomial_public_header_tests.exe"
Directory: E:/Ducuments/codeForVScode/MatCal/build-relwithdebinfo
"matcal_polynomial_public_header_tests" start time: Jul 28 14:56 中国标准时间
Output:
----------------------------------------------------------
<end of output>
Test time =   0.01 sec
----------------------------------------------------------
Test Passed.
"matcal_polynomial_public_header_tests" end time: Jul 28 14:56 中国标准时间
"matcal_polynomial_public_header_tests" time elapsed: 00:00:00
----------------------------------------------------------

9/40 Testing: matcal_polynomial_multi_tu_tests
9/40 Test: matcal_polynomial_multi_tu_tests
Command: "E:/Ducuments/codeForVScode/MatCal/build-relwithdebinfo/matcal_polynomial_multi_tu_tests.exe"
Directory: E:/Ducuments/codeForVScode/MatCal/build-relwithdebinfo
"matcal_polynomial_multi_tu_tests" start time: Jul 28 14:56 中国标准时间
Output:
----------------------------------------------------------
<end of output>
Test time =   0.01 sec
----------------------------------------------------------
Test Passed.
"matcal_polynomial_multi_tu_tests" end time: Jul 28 14:56 中国标准时间
"matcal_polynomial_multi_tu_tests" time elapsed: 00:00:00
----------------------------------------------------------

10/40 Testing: matcal_roots_tests
10/40 Test: matcal_roots_tests
Command: "E:/Ducuments/codeForVScode/MatCal/build-relwithdebinfo/matcal_roots_tests.exe"
Directory: E:/Ducuments/codeForVScode/MatCal/build-relwithdebinfo
"matcal_roots_tests" start time: Jul 28 14:56 中国标准时间
Output:
----------------------------------------------------------
MatCal::Roots tests passed
<end of output>
Test time =   0.01 sec
----------------------------------------------------------
Test Passed.
"matcal_roots_tests" end time: Jul 28 14:56 中国标准时间
"matcal_roots_tests" time elapsed: 00:00:00
----------------------------------------------------------

11/40 Testing: matcal_interpolation_tests
11/40 Test: matcal_interpolation_tests
Command: "E:/Ducuments/codeForVScode/MatCal/build-relwithdebinfo/matcal_interpolation_tests.exe"
Directory: E:/Ducuments/codeForVScode/MatCal/build-relwithdebinfo
"matcal_interpolation_tests" start time: Jul 28 14:56 中国标准时间
Output:
----------------------------------------------------------
MatCal::Interpolation tests passed
<end of output>
Test time =   0.01 sec
----------------------------------------------------------
Test Passed.
"matcal_interpolation_tests" end time: Jul 28 14:56 中国标准时间
"matcal_interpolation_tests" time elapsed: 00:00:00
----------------------------------------------------------

12/40 Testing: matcal_interpolation_remaining_tests
12/40 Test: matcal_interpolation_remaining_tests
Command: "E:/Ducuments/codeForVScode/MatCal/build-relwithdebinfo/matcal_interpolation_remaining_tests.exe"
Directory: E:/Ducuments/codeForVScode/MatCal/build-relwithdebinfo
"matcal_interpolation_remaining_tests" start time: Jul 28 14:56 中国标准时间
Output:
----------------------------------------------------------
remaining interpolation tests passed
<end of output>
Test time =   0.01 sec
----------------------------------------------------------
Test Passed.
"matcal_interpolation_remaining_tests" end time: Jul 28 14:56 中国标准时间
"matcal_interpolation_remaining_tests" time elapsed: 00:00:00
----------------------------------------------------------

13/40 Testing: matcal_roots_interpolation_public_header_tests
13/40 Test: matcal_roots_interpolation_public_header_tests
Command: "E:/Ducuments/codeForVScode/MatCal/build-relwithdebinfo/matcal_roots_interpolation_public_header_tests.exe"
Directory: E:/Ducuments/codeForVScode/MatCal/build-relwithdebinfo
"matcal_roots_interpolation_public_header_tests" start time: Jul 28 14:56 中国标准时间
Output:
----------------------------------------------------------
<end of output>
Test time =   0.01 sec
----------------------------------------------------------
Test Passed.
"matcal_roots_interpolation_public_header_tests" end time: Jul 28 14:56 中国标准时间
"matcal_roots_interpolation_public_header_tests" time elapsed: 00:00:00
----------------------------------------------------------

14/40 Testing: matcal_roots_interpolation_multi_tu_tests
14/40 Test: matcal_roots_interpolation_multi_tu_tests
Command: "E:/Ducuments/codeForVScode/MatCal/build-relwithdebinfo/matcal_roots_interpolation_multi_tu_tests.exe"
Directory: E:/Ducuments/codeForVScode/MatCal/build-relwithdebinfo
"matcal_roots_interpolation_multi_tu_tests" start time: Jul 28 14:56 中国标准时间
Output:
----------------------------------------------------------
<end of output>
Test time =   0.01 sec
----------------------------------------------------------
Test Passed.
"matcal_roots_interpolation_multi_tu_tests" end time: Jul 28 14:56 中国标准时间
"matcal_roots_interpolation_multi_tu_tests" time elapsed: 00:00:00
----------------------------------------------------------

15/40 Testing: matcal_pt_style_consumer_tests
15/40 Test: matcal_pt_style_consumer_tests
Command: "E:/Ducuments/codeForVScode/MatCal/build-relwithdebinfo/matcal_pt_style_consumer_tests.exe"
Directory: E:/Ducuments/codeForVScode/MatCal/build-relwithdebinfo
"matcal_pt_style_consumer_tests" start time: Jul 28 14:56 中国标准时间
Output:
----------------------------------------------------------
<end of output>
Test time =   0.01 sec
----------------------------------------------------------
Test Passed.
"matcal_pt_style_consumer_tests" end time: Jul 28 14:56 中国标准时间
"matcal_pt_style_consumer_tests" time elapsed: 00:00:00
----------------------------------------------------------

16/40 Testing: matcal_calculus_tests
16/40 Test: matcal_calculus_tests
Command: "E:/Ducuments/codeForVScode/MatCal/build-relwithdebinfo/matcal_calculus_tests.exe"
Directory: E:/Ducuments/codeForVScode/MatCal/build-relwithdebinfo
"matcal_calculus_tests" start time: Jul 28 14:56 中国标准时间
Output:
----------------------------------------------------------
MatCal::Calculus tests passed
<end of output>
Test time =   0.01 sec
----------------------------------------------------------
Test Passed.
"matcal_calculus_tests" end time: Jul 28 14:56 中国标准时间
"matcal_calculus_tests" time elapsed: 00:00:00
----------------------------------------------------------

17/40 Testing: matcal_ode_tests
17/40 Test: matcal_ode_tests
Command: "E:/Ducuments/codeForVScode/MatCal/build-relwithdebinfo/matcal_ode_tests.exe"
Directory: E:/Ducuments/codeForVScode/MatCal/build-relwithdebinfo
"matcal_ode_tests" start time: Jul 28 14:56 中国标准时间
Output:
----------------------------------------------------------
MatCal::ODE tests passed
<end of output>
Test time =   0.01 sec
----------------------------------------------------------
Test Passed.
"matcal_ode_tests" end time: Jul 28 14:56 中国标准时间
"matcal_ode_tests" time elapsed: 00:00:00
----------------------------------------------------------

18/40 Testing: matcal_calculus_ode_public_header_tests
18/40 Test: matcal_calculus_ode_public_header_tests
Command: "E:/Ducuments/codeForVScode/MatCal/build-relwithdebinfo/matcal_calculus_ode_public_header_tests.exe"
Directory: E:/Ducuments/codeForVScode/MatCal/build-relwithdebinfo
"matcal_calculus_ode_public_header_tests" start time: Jul 28 14:56 中国标准时间
Output:
----------------------------------------------------------
<end of output>
Test time =   0.01 sec
----------------------------------------------------------
Test Passed.
"matcal_calculus_ode_public_header_tests" end time: Jul 28 14:56 中国标准时间
"matcal_calculus_ode_public_header_tests" time elapsed: 00:00:00
----------------------------------------------------------

19/40 Testing: matcal_calculus_ode_multi_tu_tests
19/40 Test: matcal_calculus_ode_multi_tu_tests
Command: "E:/Ducuments/codeForVScode/MatCal/build-relwithdebinfo/matcal_calculus_ode_multi_tu_tests.exe"
Directory: E:/Ducuments/codeForVScode/MatCal/build-relwithdebinfo
"matcal_calculus_ode_multi_tu_tests" start time: Jul 28 14:56 中国标准时间
Output:
----------------------------------------------------------
<end of output>
Test time =   0.01 sec
----------------------------------------------------------
Test Passed.
"matcal_calculus_ode_multi_tu_tests" end time: Jul 28 14:56 中国标准时间
"matcal_calculus_ode_multi_tu_tests" time elapsed: 00:00:00
----------------------------------------------------------

20/40 Testing: matcal_calculus_only_consumer_tests
20/40 Test: matcal_calculus_only_consumer_tests
Command: "E:/Ducuments/codeForVScode/MatCal/build-relwithdebinfo/matcal_calculus_only_consumer_tests.exe"
Directory: E:/Ducuments/codeForVScode/MatCal/build-relwithdebinfo
"matcal_calculus_only_consumer_tests" start time: Jul 28 14:56 中国标准时间
Output:
----------------------------------------------------------
<end of output>
Test time =   0.01 sec
----------------------------------------------------------
Test Passed.
"matcal_calculus_only_consumer_tests" end time: Jul 28 14:56 中国标准时间
"matcal_calculus_only_consumer_tests" time elapsed: 00:00:00
----------------------------------------------------------

21/40 Testing: matcal_ode_only_consumer_tests
21/40 Test: matcal_ode_only_consumer_tests
Command: "E:/Ducuments/codeForVScode/MatCal/build-relwithdebinfo/matcal_ode_only_consumer_tests.exe"
Directory: E:/Ducuments/codeForVScode/MatCal/build-relwithdebinfo
"matcal_ode_only_consumer_tests" start time: Jul 28 14:56 中国标准时间
Output:
----------------------------------------------------------
<end of output>
Test time =   0.01 sec
----------------------------------------------------------
Test Passed.
"matcal_ode_only_consumer_tests" end time: Jul 28 14:56 中国标准时间
"matcal_ode_only_consumer_tests" time elapsed: 00:00:00
----------------------------------------------------------

22/40 Testing: matcal_nonlinear_tests
22/40 Test: matcal_nonlinear_tests
Command: "E:/Ducuments/codeForVScode/MatCal/build-relwithdebinfo/matcal_nonlinear_tests.exe"
Directory: E:/Ducuments/codeForVScode/MatCal/build-relwithdebinfo
"matcal_nonlinear_tests" start time: Jul 28 14:56 中国标准时间
Output:
----------------------------------------------------------
MatCal::Nonlinear tests passed
<end of output>
Test time =   0.01 sec
----------------------------------------------------------
Test Passed.
"matcal_nonlinear_tests" end time: Jul 28 14:56 中国标准时间
"matcal_nonlinear_tests" time elapsed: 00:00:00
----------------------------------------------------------

23/40 Testing: matcal_least_squares_tests
23/40 Test: matcal_least_squares_tests
Command: "E:/Ducuments/codeForVScode/MatCal/build-relwithdebinfo/matcal_least_squares_tests.exe"
Directory: E:/Ducuments/codeForVScode/MatCal/build-relwithdebinfo
"matcal_least_squares_tests" start time: Jul 28 14:56 中国标准时间
Output:
----------------------------------------------------------
MatCal::LeastSquares tests passed
<end of output>
Test time =   0.01 sec
----------------------------------------------------------
Test Passed.
"matcal_least_squares_tests" end time: Jul 28 14:56 中国标准时间
"matcal_least_squares_tests" time elapsed: 00:00:00
----------------------------------------------------------

24/40 Testing: matcal_nonlinear_least_squares_interpolation_public_header_tests
24/40 Test: matcal_nonlinear_least_squares_interpolation_public_header_tests
Command: "E:/Ducuments/codeForVScode/MatCal/build-relwithdebinfo/matcal_nonlinear_least_squares_interpolation_public_header_tests.exe"
Directory: E:/Ducuments/codeForVScode/MatCal/build-relwithdebinfo
"matcal_nonlinear_least_squares_interpolation_public_header_tests" start time: Jul 28 14:56 中国标准时间
Output:
----------------------------------------------------------
<end of output>
Test time =   0.01 sec
----------------------------------------------------------
Test Passed.
"matcal_nonlinear_least_squares_interpolation_public_header_tests" end time: Jul 28 14:56 中国标准时间
"matcal_nonlinear_least_squares_interpolation_public_header_tests" time elapsed: 00:00:00
----------------------------------------------------------

25/40 Testing: matcal_nonlinear_least_squares_interpolation_multi_tu_tests
25/40 Test: matcal_nonlinear_least_squares_interpolation_multi_tu_tests
Command: "E:/Ducuments/codeForVScode/MatCal/build-relwithdebinfo/matcal_nonlinear_least_squares_interpolation_multi_tu_tests.exe"
Directory: E:/Ducuments/codeForVScode/MatCal/build-relwithdebinfo
"matcal_nonlinear_least_squares_interpolation_multi_tu_tests" start time: Jul 28 14:56 中国标准时间
Output:
----------------------------------------------------------
<end of output>
Test time =   0.01 sec
----------------------------------------------------------
Test Passed.
"matcal_nonlinear_least_squares_interpolation_multi_tu_tests" end time: Jul 28 14:56 中国标准时间
"matcal_nonlinear_least_squares_interpolation_multi_tu_tests" time elapsed: 00:00:00
----------------------------------------------------------

26/40 Testing: matcal_nonlinear_only_consumer_tests
26/40 Test: matcal_nonlinear_only_consumer_tests
Command: "E:/Ducuments/codeForVScode/MatCal/build-relwithdebinfo/matcal_nonlinear_only_consumer_tests.exe"
Directory: E:/Ducuments/codeForVScode/MatCal/build-relwithdebinfo
"matcal_nonlinear_only_consumer_tests" start time: Jul 28 14:56 中国标准时间
Output:
----------------------------------------------------------
<end of output>
Test time =   0.01 sec
----------------------------------------------------------
Test Passed.
"matcal_nonlinear_only_consumer_tests" end time: Jul 28 14:56 中国标准时间
"matcal_nonlinear_only_consumer_tests" time elapsed: 00:00:00
----------------------------------------------------------

27/40 Testing: matcal_least_squares_only_consumer_tests
27/40 Test: matcal_least_squares_only_consumer_tests
Command: "E:/Ducuments/codeForVScode/MatCal/build-relwithdebinfo/matcal_least_squares_only_consumer_tests.exe"
Directory: E:/Ducuments/codeForVScode/MatCal/build-relwithdebinfo
"matcal_least_squares_only_consumer_tests" start time: Jul 28 14:56 中国标准时间
Output:
----------------------------------------------------------
<end of output>
Test time =   0.01 sec
----------------------------------------------------------
Test Passed.
"matcal_least_squares_only_consumer_tests" end time: Jul 28 14:56 中国标准时间
"matcal_least_squares_only_consumer_tests" time elapsed: 00:00:00
----------------------------------------------------------

28/40 Testing: matcal_interpolation_only_consumer_tests
28/40 Test: matcal_interpolation_only_consumer_tests
Command: "E:/Ducuments/codeForVScode/MatCal/build-relwithdebinfo/matcal_interpolation_only_consumer_tests.exe"
Directory: E:/Ducuments/codeForVScode/MatCal/build-relwithdebinfo
"matcal_interpolation_only_consumer_tests" start time: Jul 28 14:56 中国标准时间
Output:
----------------------------------------------------------
<end of output>
Test time =   0.01 sec
----------------------------------------------------------
Test Passed.
"matcal_interpolation_only_consumer_tests" end time: Jul 28 14:56 中国标准时间
"matcal_interpolation_only_consumer_tests" time elapsed: 00:00:00
----------------------------------------------------------

29/40 Testing: matcal_linalg_vector_tests
29/40 Test: matcal_linalg_vector_tests
Command: "E:/Ducuments/codeForVScode/MatCal/build-relwithdebinfo/matcal_linalg_vector_tests.exe"
Directory: E:/Ducuments/codeForVScode/MatCal/build-relwithdebinfo
"matcal_linalg_vector_tests" start time: Jul 28 14:56 中国标准时间
Output:
----------------------------------------------------------
MatCal::Linalg Vector tests passed
<end of output>
Test time =   0.01 sec
----------------------------------------------------------
Test Passed.
"matcal_linalg_vector_tests" end time: Jul 28 14:56 中国标准时间
"matcal_linalg_vector_tests" time elapsed: 00:00:00
----------------------------------------------------------

30/40 Testing: matcal_linalg_dense_matrix_tests
30/40 Test: matcal_linalg_dense_matrix_tests
Command: "E:/Ducuments/codeForVScode/MatCal/build-relwithdebinfo/matcal_linalg_dense_matrix_tests.exe"
Directory: E:/Ducuments/codeForVScode/MatCal/build-relwithdebinfo
"matcal_linalg_dense_matrix_tests" start time: Jul 28 14:56 中国标准时间
Output:
----------------------------------------------------------
MatCal::Linalg DenseMatrix tests passed
<end of output>
Test time =   0.01 sec
----------------------------------------------------------
Test Passed.
"matcal_linalg_dense_matrix_tests" end time: Jul 28 14:56 中国标准时间
"matcal_linalg_dense_matrix_tests" time elapsed: 00:00:00
----------------------------------------------------------

31/40 Testing: matcal_linalg_solver_tests
31/40 Test: matcal_linalg_solver_tests
Command: "E:/Ducuments/codeForVScode/MatCal/build-relwithdebinfo/matcal_linalg_solver_tests.exe"
Directory: E:/Ducuments/codeForVScode/MatCal/build-relwithdebinfo
"matcal_linalg_solver_tests" start time: Jul 28 14:56 中国标准时间
Output:
----------------------------------------------------------
MatCal::Linalg solver tests passed
<end of output>
Test time =   0.01 sec
----------------------------------------------------------
Test Passed.
"matcal_linalg_solver_tests" end time: Jul 28 14:56 中国标准时间
"matcal_linalg_solver_tests" time elapsed: 00:00:00
----------------------------------------------------------

32/40 Testing: matcal_linalg_scale_contract_tests
32/40 Test: matcal_linalg_scale_contract_tests
Command: "E:/Ducuments/codeForVScode/MatCal/build-relwithdebinfo/matcal_linalg_scale_contract_tests.exe"
Directory: E:/Ducuments/codeForVScode/MatCal/build-relwithdebinfo
"matcal_linalg_scale_contract_tests" start time: Jul 28 14:56 中国标准时间
Output:
----------------------------------------------------------
MatCal::Linalg scale contract tests passed
<end of output>
Test time =   0.01 sec
----------------------------------------------------------
Test Passed.
"matcal_linalg_scale_contract_tests" end time: Jul 28 14:56 中国标准时间
"matcal_linalg_scale_contract_tests" time elapsed: 00:00:00
----------------------------------------------------------

33/40 Testing: matcal_linalg_iterative_solver_tests
33/40 Test: matcal_linalg_iterative_solver_tests
Command: "E:/Ducuments/codeForVScode/MatCal/build-relwithdebinfo/matcal_linalg_iterative_solver_tests.exe"
Directory: E:/Ducuments/codeForVScode/MatCal/build-relwithdebinfo
"matcal_linalg_iterative_solver_tests" start time: Jul 28 14:56 中国标准时间
Output:
----------------------------------------------------------
MatCal::Linalg iterative solver tests passed
<end of output>
Test time =   0.01 sec
----------------------------------------------------------
Test Passed.
"matcal_linalg_iterative_solver_tests" end time: Jul 28 14:56 中国标准时间
"matcal_linalg_iterative_solver_tests" time elapsed: 00:00:00
----------------------------------------------------------

34/40 Testing: matcal_linalg_eigen_solver_tests
34/40 Test: matcal_linalg_eigen_solver_tests
Command: "E:/Ducuments/codeForVScode/MatCal/build-relwithdebinfo/matcal_linalg_eigen_solver_tests.exe"
Directory: E:/Ducuments/codeForVScode/MatCal/build-relwithdebinfo
"matcal_linalg_eigen_solver_tests" start time: Jul 28 14:56 中国标准时间
Output:
----------------------------------------------------------
MatCal::Linalg eigen solver tests passed
<end of output>
Test time =   0.01 sec
----------------------------------------------------------
Test Passed.
"matcal_linalg_eigen_solver_tests" end time: Jul 28 14:56 中国标准时间
"matcal_linalg_eigen_solver_tests" time elapsed: 00:00:00
----------------------------------------------------------

35/40 Testing: matcal_linalg_skyline_matrix_tests
35/40 Test: matcal_linalg_skyline_matrix_tests
Command: "E:/Ducuments/codeForVScode/MatCal/build-relwithdebinfo/matcal_linalg_skyline_matrix_tests.exe"
Directory: E:/Ducuments/codeForVScode/MatCal/build-relwithdebinfo
"matcal_linalg_skyline_matrix_tests" start time: Jul 28 14:56 中国标准时间
Output:
----------------------------------------------------------
MatCal::Linalg SymmetricSkylineMatrix tests passed
<end of output>
Test time =   0.01 sec
----------------------------------------------------------
Test Passed.
"matcal_linalg_skyline_matrix_tests" end time: Jul 28 14:56 中国标准时间
"matcal_linalg_skyline_matrix_tests" time elapsed: 00:00:00
----------------------------------------------------------

36/40 Testing: matcal_linalg_skyline_ldlt_tests
36/40 Test: matcal_linalg_skyline_ldlt_tests
Command: "E:/Ducuments/codeForVScode/MatCal/build-relwithdebinfo/matcal_linalg_skyline_ldlt_tests.exe"
Directory: E:/Ducuments/codeForVScode/MatCal/build-relwithdebinfo
"matcal_linalg_skyline_ldlt_tests" start time: Jul 28 14:56 中国标准时间
Output:
----------------------------------------------------------
MatCal::Linalg Skyline LDLT tests passed
<end of output>
Test time =   0.01 sec
----------------------------------------------------------
Test Passed.
"matcal_linalg_skyline_ldlt_tests" end time: Jul 28 14:56 中国标准时间
"matcal_linalg_skyline_ldlt_tests" time elapsed: 00:00:00
----------------------------------------------------------

37/40 Testing: matcal_linalg_skyline_performance_contract_tests
37/40 Test: matcal_linalg_skyline_performance_contract_tests
Command: "E:/Ducuments/codeForVScode/MatCal/build-relwithdebinfo/matcal_linalg_skyline_performance_contract_tests.exe"
Directory: E:/Ducuments/codeForVScode/MatCal/build-relwithdebinfo
"matcal_linalg_skyline_performance_contract_tests" start time: Jul 28 14:56 中国标准时间
Output:
----------------------------------------------------------
MatCal::Linalg Skyline performance contract tests passed
<end of output>
Test time =   0.01 sec
----------------------------------------------------------
Test Passed.
"matcal_linalg_skyline_performance_contract_tests" end time: Jul 28 14:56 中国标准时间
"matcal_linalg_skyline_performance_contract_tests" time elapsed: 00:00:00
----------------------------------------------------------

38/40 Testing: matcal_linalg_public_header_tests
38/40 Test: matcal_linalg_public_header_tests
Command: "E:/Ducuments/codeForVScode/MatCal/build-relwithdebinfo/matcal_linalg_public_header_tests.exe"
Directory: E:/Ducuments/codeForVScode/MatCal/build-relwithdebinfo
"matcal_linalg_public_header_tests" start time: Jul 28 14:56 中国标准时间
Output:
----------------------------------------------------------
<end of output>
Test time =   0.01 sec
----------------------------------------------------------
Test Passed.
"matcal_linalg_public_header_tests" end time: Jul 28 14:56 中国标准时间
"matcal_linalg_public_header_tests" time elapsed: 00:00:00
----------------------------------------------------------

39/40 Testing: matcal_linalg_multi_tu_tests
39/40 Test: matcal_linalg_multi_tu_tests
Command: "E:/Ducuments/codeForVScode/MatCal/build-relwithdebinfo/matcal_linalg_multi_tu_tests.exe"
Directory: E:/Ducuments/codeForVScode/MatCal/build-relwithdebinfo
"matcal_linalg_multi_tu_tests" start time: Jul 28 14:56 中国标准时间
Output:
----------------------------------------------------------
<end of output>
Test time =   0.01 sec
----------------------------------------------------------
Test Passed.
"matcal_linalg_multi_tu_tests" end time: Jul 28 14:56 中国标准时间
"matcal_linalg_multi_tu_tests" time elapsed: 00:00:00
----------------------------------------------------------

40/40 Testing: matcal_multi_tu_link_tests
40/40 Test: matcal_multi_tu_link_tests
Command: "E:/Ducuments/codeForVScode/MatCal/build-relwithdebinfo/matcal_multi_tu_link_tests.exe"
Directory: E:/Ducuments/codeForVScode/MatCal/build-relwithdebinfo
"matcal_multi_tu_link_tests" start time: Jul 28 14:56 中国标准时间
Output:
----------------------------------------------------------
MatCal multi-translation-unit link test passed
<end of output>
Test time =   0.01 sec
----------------------------------------------------------
Test Passed.
"matcal_multi_tu_link_tests" end time: Jul 28 14:56 中国标准时间
"matcal_multi_tu_link_tests" time elapsed: 00:00:00
----------------------------------------------------------

End testing: Jul 28 14:56 中国标准时间
